2022-04-16 14:32:49,741 - DEBUG - __LR_training__ - 로딩 스케일러 경로: ./saved_models/scaler_v2.sav
2022-04-16 14:32:50,498 - DEBUG - __LR_training__ - 로딩 모델 경로: ./saved_models/lr_v2.sav
2022-04-16 14:32:53,836 - DEBUG - __LR_training__ - close_price: 67500
2022-04-16 14:32:53,843 - DEBUG - __LR_training__ - _threshold() 호출
2022-04-16 14:32:53,847 - DEBUG - __LR_training__ - 파라미터: probs([[1.0000000e+00 5.5296737e-25]], threshold(0.98))
2022-04-16 14:32:53,852 - DEBUG - __LR_training__ - prob_thresholded 값: [0]
2022-04-16 14:45:42,659 - DEBUG - __LR_training__ - 로딩 스케일러 경로: ./saved_models/scaler_v2.sav
2022-04-16 14:45:42,668 - DEBUG - __LR_training__ - 로딩 모델 경로: ./saved_models/lr_v2.sav
2022-04-16 14:45:43,514 - DEBUG - __LR_training__ - close_price: 59200
2022-04-16 14:45:43,529 - DEBUG - __LR_training__ - _threshold() 호출
2022-04-16 14:45:43,537 - DEBUG - __LR_training__ - 파라미터: probs([[0.00418687 0.99581313]], threshold(0.98))
2022-04-16 14:45:43,539 - DEBUG - __LR_training__ - prob_thresholded 값: [1]
2022-04-16 14:45:49,762 - DEBUG - __LR_training__ - 로딩 스케일러 경로: ./saved_models/scaler_v2.sav
2022-04-16 14:45:49,768 - DEBUG - __LR_training__ - 로딩 모델 경로: ./saved_models/lr_v2.sav
2022-04-16 14:45:50,175 - DEBUG - __LR_training__ - close_price: 59200
2022-04-16 14:45:50,186 - DEBUG - __LR_training__ - _threshold() 호출
2022-04-16 14:45:50,194 - DEBUG - __LR_training__ - 파라미터: probs([[0.00418687 0.99581313]], threshold(0.98))
2022-04-16 14:45:50,204 - DEBUG - __LR_training__ - prob_thresholded 값: [1]
2022-04-16 14:48:49,956 - DEBUG - __LR_training__ - 로딩 스케일러 경로: ./saved_models/scaler_v2.sav
2022-04-16 14:48:49,963 - DEBUG - __LR_training__ - 로딩 모델 경로: ./saved_models/lr_v2.sav
2022-04-16 14:48:50,593 - DEBUG - __LR_training__ - close_price: 59200
2022-04-16 14:48:50,599 - DEBUG - __LR_training__ - _threshold() 호출
2022-04-16 14:48:50,602 - DEBUG - __LR_training__ - 파라미터: probs([[0.00418687 0.99581313]], threshold(0.98))
2022-04-16 14:48:50,605 - DEBUG - __LR_training__ - prob_thresholded 값: [1]
2022-04-16 14:49:21,306 - DEBUG - __LR_training__ - 로딩 스케일러 경로: ./saved_models/scaler_v2.sav
2022-04-16 14:49:21,311 - DEBUG - __LR_training__ - 로딩 모델 경로: ./saved_models/lr_v2.sav
2022-04-16 14:49:21,720 - DEBUG - __LR_training__ - close_price: 59200
2022-04-16 14:49:21,729 - DEBUG - __LR_training__ - _threshold() 호출
2022-04-16 14:49:21,737 - DEBUG - __LR_training__ - 파라미터: probs([[0.00418687 0.99581313]], threshold(0.98))
2022-04-16 14:49:21,742 - DEBUG - __LR_training__ - prob_thresholded 값: [1]
2022-04-16 14:50:45,141 - DEBUG - __LR_training__ - 로딩 스케일러 경로: ./saved_models/scaler_v2.sav
2022-04-16 14:50:45,150 - DEBUG - __LR_training__ - 로딩 모델 경로: ./saved_models/lr_v2.sav
2022-04-16 14:50:45,647 - DEBUG - __LR_training__ - close_price: 59200
2022-04-16 14:50:45,655 - DEBUG - __LR_training__ - _threshold() 호출
2022-04-16 14:50:45,661 - DEBUG - __LR_training__ - 파라미터: probs([[0.00418687 0.99581313]], threshold(0.98))
2022-04-16 14:50:45,667 - DEBUG - __LR_training__ - prob_thresholded 값: [1]
2022-04-16 14:50:45,672 - DEBUG - __LR_training__ - 로딩 스케일러 경로: ./saved_models/scaler_v2.sav
2022-04-16 14:50:45,679 - DEBUG - __LR_training__ - 로딩 모델 경로: ./saved_models/lr_v2.sav
2022-04-16 14:50:46,064 - DEBUG - __LR_training__ - close_price: 59200
2022-04-16 14:50:46,070 - DEBUG - __LR_training__ - _threshold() 호출
2022-04-16 14:50:46,073 - DEBUG - __LR_training__ - 파라미터: probs([[0.00418687 0.99581313]], threshold(0.98))
2022-04-16 14:50:46,076 - DEBUG - __LR_training__ - prob_thresholded 값: [1]
2022-04-16 14:50:46,079 - DEBUG - __LR_training__ - 로딩 스케일러 경로: ./saved_models/scaler_v2.sav
2022-04-16 14:50:46,084 - DEBUG - __LR_training__ - 로딩 모델 경로: ./saved_models/lr_v2.sav
2022-04-16 14:50:46,778 - DEBUG - __LR_training__ - close_price: 59200
2022-04-16 14:50:46,782 - DEBUG - __LR_training__ - _threshold() 호출
2022-04-16 14:50:46,786 - DEBUG - __LR_training__ - 파라미터: probs([[0.00418687 0.99581313]], threshold(0.98))
2022-04-16 14:50:46,789 - DEBUG - __LR_training__ - prob_thresholded 값: [1]
2022-04-16 14:50:46,792 - DEBUG - __LR_training__ - 로딩 스케일러 경로: ./saved_models/scaler_v2.sav
2022-04-16 14:50:46,801 - DEBUG - __LR_training__ - 로딩 모델 경로: ./saved_models/lr_v2.sav
2022-04-16 14:50:47,190 - DEBUG - __LR_training__ - close_price: 59200
2022-04-16 14:50:47,198 - DEBUG - __LR_training__ - _threshold() 호출
2022-04-16 14:50:47,201 - DEBUG - __LR_training__ - 파라미터: probs([[0.00418687 0.99581313]], threshold(0.98))
2022-04-16 14:50:47,207 - DEBUG - __LR_training__ - prob_thresholded 값: [1]
2022-04-16 14:50:47,212 - DEBUG - __LR_training__ - 로딩 스케일러 경로: ./saved_models/scaler_v2.sav
2022-04-16 14:50:47,218 - DEBUG - __LR_training__ - 로딩 모델 경로: ./saved_models/lr_v2.sav
2022-04-16 14:50:47,577 - DEBUG - __LR_training__ - close_price: 59200
2022-04-16 14:50:47,582 - DEBUG - __LR_training__ - _threshold() 호출
2022-04-16 14:50:47,586 - DEBUG - __LR_training__ - 파라미터: probs([[0.00418687 0.99581313]], threshold(0.98))
2022-04-16 14:50:47,589 - DEBUG - __LR_training__ - prob_thresholded 값: [1]
2022-04-16 14:50:47,593 - DEBUG - __LR_training__ - 로딩 스케일러 경로: ./saved_models/scaler_v2.sav
2022-04-16 14:50:47,602 - DEBUG - __LR_training__ - 로딩 모델 경로: ./saved_models/lr_v2.sav
2022-04-16 14:50:48,040 - DEBUG - __LR_training__ - close_price: 59200
2022-04-16 14:50:48,048 - DEBUG - __LR_training__ - _threshold() 호출
2022-04-16 14:50:48,054 - DEBUG - __LR_training__ - 파라미터: probs([[0.00418687 0.99581313]], threshold(0.98))
2022-04-16 14:50:48,059 - DEBUG - __LR_training__ - prob_thresholded 값: [1]
2022-04-16 14:50:48,064 - DEBUG - __LR_training__ - 로딩 스케일러 경로: ./saved_models/scaler_v2.sav
2022-04-16 14:50:48,070 - DEBUG - __LR_training__ - 로딩 모델 경로: ./saved_models/lr_v2.sav
2022-04-16 14:50:48,523 - DEBUG - __LR_training__ - close_price: 59200
2022-04-16 14:50:48,528 - DEBUG - __LR_training__ - _threshold() 호출
2022-04-16 14:50:48,532 - DEBUG - __LR_training__ - 파라미터: probs([[0.00418687 0.99581313]], threshold(0.98))
2022-04-16 14:50:48,540 - DEBUG - __LR_training__ - prob_thresholded 값: [1]
2022-04-16 14:50:48,545 - DEBUG - __LR_training__ - 로딩 스케일러 경로: ./saved_models/scaler_v2.sav
2022-04-16 14:50:48,550 - DEBUG - __LR_training__ - 로딩 모델 경로: ./saved_models/lr_v2.sav
2022-04-16 14:50:49,022 - DEBUG - __LR_training__ - close_price: 59200
2022-04-16 14:50:49,026 - DEBUG - __LR_training__ - _threshold() 호출
2022-04-16 14:50:49,029 - DEBUG - __LR_training__ - 파라미터: probs([[0.00418687 0.99581313]], threshold(0.98))
2022-04-16 14:50:49,031 - DEBUG - __LR_training__ - prob_thresholded 값: [1]
2022-04-16 14:50:49,033 - DEBUG - __LR_training__ - 로딩 스케일러 경로: ./saved_models/scaler_v2.sav
2022-04-16 14:50:49,038 - DEBUG - __LR_training__ - 로딩 모델 경로: ./saved_models/lr_v2.sav
2022-04-16 14:50:49,502 - DEBUG - __LR_training__ - close_price: 59200
2022-04-16 14:50:49,510 - DEBUG - __LR_training__ - _threshold() 호출
2022-04-16 14:50:49,516 - DEBUG - __LR_training__ - 파라미터: probs([[0.00418687 0.99581313]], threshold(0.98))
2022-04-16 14:50:49,520 - DEBUG - __LR_training__ - prob_thresholded 값: [1]
2022-04-16 14:50:49,526 - DEBUG - __LR_training__ - 로딩 스케일러 경로: ./saved_models/scaler_v2.sav
2022-04-16 14:50:49,533 - DEBUG - __LR_training__ - 로딩 모델 경로: ./saved_models/lr_v2.sav
2022-04-16 14:50:50,003 - DEBUG - __LR_training__ - close_price: 59200
2022-04-16 14:50:50,010 - DEBUG - __LR_training__ - _threshold() 호출
2022-04-16 14:50:50,012 - DEBUG - __LR_training__ - 파라미터: probs([[0.00418687 0.99581313]], threshold(0.98))
2022-04-16 14:50:50,014 - DEBUG - __LR_training__ - prob_thresholded 값: [1]
2022-04-16 14:50:50,017 - DEBUG - __LR_training__ - 로딩 스케일러 경로: ./saved_models/scaler_v2.sav
2022-04-16 14:50:50,025 - DEBUG - __LR_training__ - 로딩 모델 경로: ./saved_models/lr_v2.sav
2022-04-16 14:50:50,400 - DEBUG - __LR_training__ - close_price: 59200
2022-04-16 14:50:50,409 - DEBUG - __LR_training__ - _threshold() 호출
2022-04-16 14:50:50,414 - DEBUG - __LR_training__ - 파라미터: probs([[0.00418687 0.99581313]], threshold(0.98))
2022-04-16 14:50:50,416 - DEBUG - __LR_training__ - prob_thresholded 값: [1]
2022-04-16 14:52:12,410 - DEBUG - __LR_training__ - 로딩 스케일러 경로: ./saved_models/scaler_v2.sav
2022-04-16 14:52:12,415 - DEBUG - __LR_training__ - 로딩 모델 경로: ./saved_models/lr_v2.sav
2022-04-16 14:52:12,851 - DEBUG - __LR_training__ - close_price: 59200
2022-04-16 14:52:12,857 - DEBUG - __LR_training__ - _threshold() 호출
2022-04-16 14:52:12,862 - DEBUG - __LR_training__ - 파라미터: probs([[0.00418687 0.99581313]], threshold(0.98))
2022-04-16 14:52:12,866 - DEBUG - __LR_training__ - prob_thresholded 값: [1]
2022-04-16 14:52:12,872 - DEBUG - __LR_training__ - 로딩 스케일러 경로: ./saved_models/scaler_v2.sav
2022-04-16 14:52:12,881 - DEBUG - __LR_training__ - 로딩 모델 경로: ./saved_models/lr_v2.sav
2022-04-16 14:52:13,417 - DEBUG - __LR_training__ - close_price: 59200
2022-04-16 14:52:13,423 - DEBUG - __LR_training__ - _threshold() 호출
2022-04-16 14:52:13,429 - DEBUG - __LR_training__ - 파라미터: probs([[0.00418687 0.99581313]], threshold(0.98))
2022-04-16 14:52:13,433 - DEBUG - __LR_training__ - prob_thresholded 값: [1]
2022-04-16 14:52:13,438 - DEBUG - __LR_training__ - 로딩 스케일러 경로: ./saved_models/scaler_v2.sav
2022-04-16 14:52:13,445 - DEBUG - __LR_training__ - 로딩 모델 경로: ./saved_models/lr_v2.sav
2022-04-16 14:52:13,798 - DEBUG - __LR_training__ - close_price: 59200
2022-04-16 14:52:13,805 - DEBUG - __LR_training__ - _threshold() 호출
2022-04-16 14:52:13,809 - DEBUG - __LR_training__ - 파라미터: probs([[0.00418687 0.99581313]], threshold(0.98))
2022-04-16 14:52:13,812 - DEBUG - __LR_training__ - prob_thresholded 값: [1]
2022-04-16 14:52:13,816 - DEBUG - __LR_training__ - 로딩 스케일러 경로: ./saved_models/scaler_v2.sav
2022-04-16 14:52:13,821 - DEBUG - __LR_training__ - 로딩 모델 경로: ./saved_models/lr_v2.sav
2022-04-16 14:52:14,150 - DEBUG - __LR_training__ - close_price: 56800
2022-04-16 14:52:14,156 - DEBUG - __LR_training__ - _threshold() 호출
2022-04-16 14:52:14,161 - DEBUG - __LR_training__ - 파라미터: probs([[1.00000000e+00 1.05587403e-20]], threshold(0.98))
2022-04-16 14:52:14,164 - DEBUG - __LR_training__ - prob_thresholded 값: [0]
2022-04-16 14:52:14,167 - DEBUG - __LR_training__ - 로딩 스케일러 경로: ./saved_models/scaler_v2.sav
2022-04-16 14:52:14,173 - DEBUG - __LR_training__ - 로딩 모델 경로: ./saved_models/lr_v2.sav
2022-04-16 14:52:14,617 - DEBUG - __LR_training__ - close_price: 57900
2022-04-16 14:52:14,626 - DEBUG - __LR_training__ - _threshold() 호출
2022-04-16 14:52:14,631 - DEBUG - __LR_training__ - 파라미터: probs([[1.00000000e+00 1.19031092e-86]], threshold(0.98))
2022-04-16 14:52:14,636 - DEBUG - __LR_training__ - prob_thresholded 값: [0]
2022-04-16 14:52:14,640 - DEBUG - __LR_training__ - 로딩 스케일러 경로: ./saved_models/scaler_v2.sav
2022-04-16 14:52:14,644 - DEBUG - __LR_training__ - 로딩 모델 경로: ./saved_models/lr_v2.sav
2022-04-16 14:52:15,054 - DEBUG - __LR_training__ - close_price: 56500
2022-04-16 14:52:15,061 - DEBUG - __LR_training__ - _threshold() 호출
2022-04-16 14:52:15,065 - DEBUG - __LR_training__ - 파라미터: probs([[1.00000000e+00 1.06960084e-67]], threshold(0.98))
2022-04-16 14:52:15,069 - DEBUG - __LR_training__ - prob_thresholded 값: [0]
2022-04-16 14:52:15,072 - DEBUG - __LR_training__ - 로딩 스케일러 경로: ./saved_models/scaler_v2.sav
2022-04-16 14:52:15,080 - DEBUG - __LR_training__ - 로딩 모델 경로: ./saved_models/lr_v2.sav
2022-04-16 14:52:15,476 - DEBUG - __LR_training__ - close_price: 55900
2022-04-16 14:52:15,483 - DEBUG - __LR_training__ - _threshold() 호출
2022-04-16 14:52:15,489 - DEBUG - __LR_training__ - 파라미터: probs([[1.00000000e+00 3.87628343e-67]], threshold(0.98))
2022-04-16 14:52:15,495 - DEBUG - __LR_training__ - prob_thresholded 값: [0]
2022-04-16 14:52:15,500 - DEBUG - __LR_training__ - 로딩 스케일러 경로: ./saved_models/scaler_v2.sav
2022-04-16 14:52:15,507 - DEBUG - __LR_training__ - 로딩 모델 경로: ./saved_models/lr_v2.sav
2022-04-16 14:52:15,893 - DEBUG - __LR_training__ - close_price: 54200
2022-04-16 14:52:15,901 - DEBUG - __LR_training__ - _threshold() 호출
2022-04-16 14:52:15,909 - DEBUG - __LR_training__ - 파라미터: probs([[1.00000000e+000 1.96509767e-115]], threshold(0.98))
2022-04-16 14:52:15,916 - DEBUG - __LR_training__ - prob_thresholded 값: [0]
2022-04-16 14:52:15,922 - DEBUG - __LR_training__ - 로딩 스케일러 경로: ./saved_models/scaler_v2.sav
2022-04-16 14:52:15,930 - DEBUG - __LR_training__ - 로딩 모델 경로: ./saved_models/lr_v2.sav
2022-04-16 14:52:16,396 - DEBUG - __LR_training__ - close_price: 54200
2022-04-16 14:52:16,404 - DEBUG - __LR_training__ - _threshold() 호출
2022-04-16 14:52:16,410 - DEBUG - __LR_training__ - 파라미터: probs([[1.00000000e+000 1.96509767e-115]], threshold(0.98))
2022-04-16 14:52:16,415 - DEBUG - __LR_training__ - prob_thresholded 값: [0]
2022-04-16 14:52:16,419 - DEBUG - __LR_training__ - 로딩 스케일러 경로: ./saved_models/scaler_v2.sav
2022-04-16 14:52:16,435 - DEBUG - __LR_training__ - 로딩 모델 경로: ./saved_models/lr_v2.sav
2022-04-16 14:52:16,789 - DEBUG - __LR_training__ - close_price: 54200
2022-04-16 14:52:16,797 - DEBUG - __LR_training__ - _threshold() 호출
2022-04-16 14:52:16,802 - DEBUG - __LR_training__ - 파라미터: probs([[1.00000000e+000 1.96509767e-115]], threshold(0.98))
2022-04-16 14:52:16,807 - DEBUG - __LR_training__ - prob_thresholded 값: [0]
2022-04-16 14:52:16,812 - DEBUG - __LR_training__ - 로딩 스케일러 경로: ./saved_models/scaler_v2.sav
2022-04-16 14:52:16,818 - DEBUG - __LR_training__ - 로딩 모델 경로: ./saved_models/lr_v2.sav
2022-04-16 14:52:17,178 - DEBUG - __LR_training__ - close_price: 55000
2022-04-16 14:52:17,184 - DEBUG - __LR_training__ - _threshold() 호출
2022-04-16 14:52:17,190 - DEBUG - __LR_training__ - 파라미터: probs([[1.00000000e+000 9.29416105e-143]], threshold(0.98))
2022-04-16 14:52:17,197 - DEBUG - __LR_training__ - prob_thresholded 값: [0]
2022-04-16 14:53:14,328 - DEBUG - __LR_training__ - 로딩 스케일러 경로: ./saved_models/scaler_v2.sav
2022-04-16 14:53:14,333 - DEBUG - __LR_training__ - 로딩 모델 경로: ./saved_models/lr_v2.sav
2022-04-16 14:53:14,873 - DEBUG - __LR_training__ - close_price: 59200
2022-04-16 14:53:14,877 - DEBUG - __LR_training__ - _threshold() 호출
2022-04-16 14:53:14,880 - DEBUG - __LR_training__ - 파라미터: probs([[0.00418687 0.99581313]], threshold(0.98))
2022-04-16 14:53:14,882 - DEBUG - __LR_training__ - prob_thresholded 값: [1]
2022-04-16 14:53:14,886 - DEBUG - __LR_training__ - 로딩 스케일러 경로: ./saved_models/scaler_v2.sav
2022-04-16 14:53:14,891 - DEBUG - __LR_training__ - 로딩 모델 경로: ./saved_models/lr_v2.sav
2022-04-16 14:53:15,327 - DEBUG - __LR_training__ - close_price: 59200
2022-04-16 14:53:15,334 - DEBUG - __LR_training__ - _threshold() 호출
2022-04-16 14:53:15,340 - DEBUG - __LR_training__ - 파라미터: probs([[0.00418687 0.99581313]], threshold(0.98))
2022-04-16 14:53:15,347 - DEBUG - __LR_training__ - prob_thresholded 값: [1]
2022-04-16 14:53:15,352 - DEBUG - __LR_training__ - 로딩 스케일러 경로: ./saved_models/scaler_v2.sav
2022-04-16 14:53:15,356 - DEBUG - __LR_training__ - 로딩 모델 경로: ./saved_models/lr_v2.sav
2022-04-16 14:53:15,734 - DEBUG - __LR_training__ - close_price: 59200
2022-04-16 14:53:15,743 - DEBUG - __LR_training__ - _threshold() 호출
2022-04-16 14:53:15,750 - DEBUG - __LR_training__ - 파라미터: probs([[0.00418687 0.99581313]], threshold(0.98))
2022-04-16 14:53:15,756 - DEBUG - __LR_training__ - prob_thresholded 값: [1]
2022-04-16 14:53:15,760 - DEBUG - __LR_training__ - 로딩 스케일러 경로: ./saved_models/scaler_v2.sav
2022-04-16 14:53:15,765 - DEBUG - __LR_training__ - 로딩 모델 경로: ./saved_models/lr_v2.sav
2022-04-16 14:53:16,219 - DEBUG - __LR_training__ - close_price: 56800
2022-04-16 14:53:16,224 - DEBUG - __LR_training__ - _threshold() 호출
2022-04-16 14:53:16,227 - DEBUG - __LR_training__ - 파라미터: probs([[1.00000000e+00 1.05587403e-20]], threshold(0.98))
2022-04-16 14:53:16,229 - DEBUG - __LR_training__ - prob_thresholded 값: [0]
2022-04-16 14:53:16,233 - DEBUG - __LR_training__ - 로딩 스케일러 경로: ./saved_models/scaler_v2.sav
2022-04-16 14:53:16,237 - DEBUG - __LR_training__ - 로딩 모델 경로: ./saved_models/lr_v2.sav
2022-04-16 14:53:16,606 - DEBUG - __LR_training__ - close_price: 57900
2022-04-16 14:53:16,611 - DEBUG - __LR_training__ - _threshold() 호출
2022-04-16 14:53:16,616 - DEBUG - __LR_training__ - 파라미터: probs([[1.00000000e+00 1.19031092e-86]], threshold(0.98))
2022-04-16 14:53:16,618 - DEBUG - __LR_training__ - prob_thresholded 값: [0]
2022-04-16 14:53:16,625 - DEBUG - __LR_training__ - 로딩 스케일러 경로: ./saved_models/scaler_v2.sav
2022-04-16 14:53:16,629 - DEBUG - __LR_training__ - 로딩 모델 경로: ./saved_models/lr_v2.sav
2022-04-16 14:53:17,058 - DEBUG - __LR_training__ - close_price: 56500
2022-04-16 14:53:17,063 - DEBUG - __LR_training__ - _threshold() 호출
2022-04-16 14:53:17,066 - DEBUG - __LR_training__ - 파라미터: probs([[1.00000000e+00 1.06960084e-67]], threshold(0.98))
2022-04-16 14:53:17,069 - DEBUG - __LR_training__ - prob_thresholded 값: [0]
2022-04-16 14:53:17,073 - DEBUG - __LR_training__ - 로딩 스케일러 경로: ./saved_models/scaler_v2.sav
2022-04-16 14:53:17,077 - DEBUG - __LR_training__ - 로딩 모델 경로: ./saved_models/lr_v2.sav
2022-04-16 14:53:17,439 - DEBUG - __LR_training__ - close_price: 55900
2022-04-16 14:53:17,443 - DEBUG - __LR_training__ - _threshold() 호출
2022-04-16 14:53:17,447 - DEBUG - __LR_training__ - 파라미터: probs([[1.00000000e+00 3.87628343e-67]], threshold(0.98))
2022-04-16 14:53:17,450 - DEBUG - __LR_training__ - prob_thresholded 값: [0]
2022-04-16 14:53:17,456 - DEBUG - __LR_training__ - 로딩 스케일러 경로: ./saved_models/scaler_v2.sav
2022-04-16 14:53:17,461 - DEBUG - __LR_training__ - 로딩 모델 경로: ./saved_models/lr_v2.sav
2022-04-16 14:53:17,921 - DEBUG - __LR_training__ - close_price: 54200
2022-04-16 14:53:17,929 - DEBUG - __LR_training__ - _threshold() 호출
2022-04-16 14:53:17,934 - DEBUG - __LR_training__ - 파라미터: probs([[1.00000000e+000 1.96509767e-115]], threshold(0.98))
2022-04-16 14:53:17,935 - DEBUG - __LR_training__ - prob_thresholded 값: [0]
2022-04-16 14:53:17,941 - DEBUG - __LR_training__ - 로딩 스케일러 경로: ./saved_models/scaler_v2.sav
2022-04-16 14:53:17,945 - DEBUG - __LR_training__ - 로딩 모델 경로: ./saved_models/lr_v2.sav
2022-04-16 14:53:18,381 - DEBUG - __LR_training__ - close_price: 54200
2022-04-16 14:53:18,393 - DEBUG - __LR_training__ - _threshold() 호출
2022-04-16 14:53:18,398 - DEBUG - __LR_training__ - 파라미터: probs([[1.00000000e+000 1.96509767e-115]], threshold(0.98))
2022-04-16 14:53:18,400 - DEBUG - __LR_training__ - prob_thresholded 값: [0]
2022-04-16 14:53:18,404 - DEBUG - __LR_training__ - 로딩 스케일러 경로: ./saved_models/scaler_v2.sav
2022-04-16 14:53:18,414 - DEBUG - __LR_training__ - 로딩 모델 경로: ./saved_models/lr_v2.sav
2022-04-16 14:53:18,775 - DEBUG - __LR_training__ - close_price: 54200
2022-04-16 14:53:18,783 - DEBUG - __LR_training__ - _threshold() 호출
2022-04-16 14:53:18,788 - DEBUG - __LR_training__ - 파라미터: probs([[1.00000000e+000 1.96509767e-115]], threshold(0.98))
2022-04-16 14:53:18,793 - DEBUG - __LR_training__ - prob_thresholded 값: [0]
2022-04-16 14:53:18,799 - DEBUG - __LR_training__ - 로딩 스케일러 경로: ./saved_models/scaler_v2.sav
2022-04-16 14:53:18,807 - DEBUG - __LR_training__ - 로딩 모델 경로: ./saved_models/lr_v2.sav
2022-04-16 14:53:19,183 - DEBUG - __LR_training__ - close_price: 55000
2022-04-16 14:53:19,194 - DEBUG - __LR_training__ - _threshold() 호출
2022-04-16 14:53:19,201 - DEBUG - __LR_training__ - 파라미터: probs([[1.00000000e+000 9.29416105e-143]], threshold(0.98))
2022-04-16 14:53:19,207 - DEBUG - __LR_training__ - prob_thresholded 값: [0]
2022-04-16 14:54:22,532 - DEBUG - __LR_training__ - 로딩 스케일러 경로: ./saved_models/scaler_v2.sav
2022-04-16 14:54:22,537 - DEBUG - __LR_training__ - 로딩 모델 경로: ./saved_models/lr_v2.sav
2022-04-16 14:54:23,044 - DEBUG - __LR_training__ - close_price: 59200
2022-04-16 14:54:23,050 - DEBUG - __LR_training__ - _threshold() 호출
2022-04-16 14:54:23,054 - DEBUG - __LR_training__ - 파라미터: probs([[0.00418687 0.99581313]], threshold(0.98))
2022-04-16 14:54:23,057 - DEBUG - __LR_training__ - prob_thresholded 값: [1]
2022-04-16 14:54:23,062 - DEBUG - __LR_training__ - 로딩 스케일러 경로: ./saved_models/scaler_v2.sav
2022-04-16 14:54:23,067 - DEBUG - __LR_training__ - 로딩 모델 경로: ./saved_models/lr_v2.sav
2022-04-16 14:54:23,458 - DEBUG - __LR_training__ - close_price: 59200
2022-04-16 14:54:23,465 - DEBUG - __LR_training__ - _threshold() 호출
2022-04-16 14:54:23,468 - DEBUG - __LR_training__ - 파라미터: probs([[0.00418687 0.99581313]], threshold(0.98))
2022-04-16 14:54:23,472 - DEBUG - __LR_training__ - prob_thresholded 값: [1]
2022-04-16 14:54:23,477 - DEBUG - __LR_training__ - 로딩 스케일러 경로: ./saved_models/scaler_v2.sav
2022-04-16 14:54:23,482 - DEBUG - __LR_training__ - 로딩 모델 경로: ./saved_models/lr_v2.sav
2022-04-16 14:54:23,802 - DEBUG - __LR_training__ - close_price: 59200
2022-04-16 14:54:23,811 - DEBUG - __LR_training__ - _threshold() 호출
2022-04-16 14:54:23,817 - DEBUG - __LR_training__ - 파라미터: probs([[0.00418687 0.99581313]], threshold(0.98))
2022-04-16 14:54:23,821 - DEBUG - __LR_training__ - prob_thresholded 값: [1]
2022-04-16 14:54:23,827 - DEBUG - __LR_training__ - 로딩 스케일러 경로: ./saved_models/scaler_v2.sav
2022-04-16 14:54:23,837 - DEBUG - __LR_training__ - 로딩 모델 경로: ./saved_models/lr_v2.sav
2022-04-16 14:54:24,320 - DEBUG - __LR_training__ - close_price: 56800
2022-04-16 14:54:24,331 - DEBUG - __LR_training__ - _threshold() 호출
2022-04-16 14:54:24,336 - DEBUG - __LR_training__ - 파라미터: probs([[1.00000000e+00 1.05587403e-20]], threshold(0.98))
2022-04-16 14:54:24,344 - DEBUG - __LR_training__ - prob_thresholded 값: [0]
2022-04-16 14:54:24,348 - DEBUG - __LR_training__ - 로딩 스케일러 경로: ./saved_models/scaler_v2.sav
2022-04-16 14:54:24,352 - DEBUG - __LR_training__ - 로딩 모델 경로: ./saved_models/lr_v2.sav
2022-04-16 14:54:24,708 - DEBUG - __LR_training__ - close_price: 57900
2022-04-16 14:54:24,716 - DEBUG - __LR_training__ - _threshold() 호출
2022-04-16 14:54:24,719 - DEBUG - __LR_training__ - 파라미터: probs([[1.00000000e+00 1.19031092e-86]], threshold(0.98))
2022-04-16 14:54:24,722 - DEBUG - __LR_training__ - prob_thresholded 값: [0]
2022-04-16 14:54:24,727 - DEBUG - __LR_training__ - 로딩 스케일러 경로: ./saved_models/scaler_v2.sav
2022-04-16 14:54:24,736 - DEBUG - __LR_training__ - 로딩 모델 경로: ./saved_models/lr_v2.sav
2022-04-16 14:54:25,216 - DEBUG - __LR_training__ - close_price: 56500
2022-04-16 14:54:25,226 - DEBUG - __LR_training__ - _threshold() 호출
2022-04-16 14:54:25,238 - DEBUG - __LR_training__ - 파라미터: probs([[1.00000000e+00 1.06960084e-67]], threshold(0.98))
2022-04-16 14:54:25,245 - DEBUG - __LR_training__ - prob_thresholded 값: [0]
2022-04-16 14:54:25,247 - DEBUG - __LR_training__ - 로딩 스케일러 경로: ./saved_models/scaler_v2.sav
2022-04-16 14:54:25,261 - DEBUG - __LR_training__ - 로딩 모델 경로: ./saved_models/lr_v2.sav
2022-04-16 14:54:25,715 - DEBUG - __LR_training__ - close_price: 55900
2022-04-16 14:54:25,724 - DEBUG - __LR_training__ - _threshold() 호출
2022-04-16 14:54:25,731 - DEBUG - __LR_training__ - 파라미터: probs([[1.00000000e+00 3.87628343e-67]], threshold(0.98))
2022-04-16 14:54:25,738 - DEBUG - __LR_training__ - prob_thresholded 값: [0]
2022-04-16 14:54:25,745 - DEBUG - __LR_training__ - 로딩 스케일러 경로: ./saved_models/scaler_v2.sav
2022-04-16 14:54:25,755 - DEBUG - __LR_training__ - 로딩 모델 경로: ./saved_models/lr_v2.sav
2022-04-16 14:54:26,158 - DEBUG - __LR_training__ - close_price: 54200
2022-04-16 14:54:26,163 - DEBUG - __LR_training__ - _threshold() 호출
2022-04-16 14:54:26,167 - DEBUG - __LR_training__ - 파라미터: probs([[1.00000000e+000 1.96509767e-115]], threshold(0.98))
2022-04-16 14:54:26,170 - DEBUG - __LR_training__ - prob_thresholded 값: [0]
2022-04-16 14:54:26,176 - DEBUG - __LR_training__ - 로딩 스케일러 경로: ./saved_models/scaler_v2.sav
2022-04-16 14:54:26,184 - DEBUG - __LR_training__ - 로딩 모델 경로: ./saved_models/lr_v2.sav
2022-04-16 14:54:26,556 - DEBUG - __LR_training__ - close_price: 54200
2022-04-16 14:54:26,562 - DEBUG - __LR_training__ - _threshold() 호출
2022-04-16 14:54:26,567 - DEBUG - __LR_training__ - 파라미터: probs([[1.00000000e+000 1.96509767e-115]], threshold(0.98))
2022-04-16 14:54:26,572 - DEBUG - __LR_training__ - prob_thresholded 값: [0]
2022-04-16 14:54:26,578 - DEBUG - __LR_training__ - 로딩 스케일러 경로: ./saved_models/scaler_v2.sav
2022-04-16 14:54:26,585 - DEBUG - __LR_training__ - 로딩 모델 경로: ./saved_models/lr_v2.sav
2022-04-16 14:54:27,011 - DEBUG - __LR_training__ - close_price: 54200
2022-04-16 14:54:27,019 - DEBUG - __LR_training__ - _threshold() 호출
2022-04-16 14:54:27,021 - DEBUG - __LR_training__ - 파라미터: probs([[1.00000000e+000 1.96509767e-115]], threshold(0.98))
2022-04-16 14:54:27,028 - DEBUG - __LR_training__ - prob_thresholded 값: [0]
2022-04-16 14:54:27,032 - DEBUG - __LR_training__ - 로딩 스케일러 경로: ./saved_models/scaler_v2.sav
2022-04-16 14:54:27,041 - DEBUG - __LR_training__ - 로딩 모델 경로: ./saved_models/lr_v2.sav
2022-04-16 14:54:27,449 - DEBUG - __LR_training__ - close_price: 55000
2022-04-16 14:54:27,453 - DEBUG - __LR_training__ - _threshold() 호출
2022-04-16 14:54:27,459 - DEBUG - __LR_training__ - 파라미터: probs([[1.00000000e+000 9.29416105e-143]], threshold(0.98))
2022-04-16 14:54:27,463 - DEBUG - __LR_training__ - prob_thresholded 값: [0]
2022-04-16 14:55:56,757 - DEBUG - __LR_training__ - 로딩 스케일러 경로: ./saved_models/scaler_v2.sav
2022-04-16 14:55:56,766 - DEBUG - __LR_training__ - 로딩 모델 경로: ./saved_models/lr_v2.sav
2022-04-16 14:55:57,466 - DEBUG - __LR_training__ - close_price: 59200
2022-04-16 14:55:57,473 - DEBUG - __LR_training__ - _threshold() 호출
2022-04-16 14:55:57,477 - DEBUG - __LR_training__ - 파라미터: probs([[0.00418687 0.99581313]], threshold(0.98))
2022-04-16 14:55:57,482 - DEBUG - __LR_training__ - prob_thresholded 값: [1]
2022-04-16 14:55:57,488 - DEBUG - __LR_training__ - 로딩 스케일러 경로: ./saved_models/scaler_v2.sav
2022-04-16 14:55:57,496 - DEBUG - __LR_training__ - 로딩 모델 경로: ./saved_models/lr_v2.sav
2022-04-16 14:55:58,180 - DEBUG - __LR_training__ - close_price: 59200
2022-04-16 14:55:58,188 - DEBUG - __LR_training__ - _threshold() 호출
2022-04-16 14:55:58,195 - DEBUG - __LR_training__ - 파라미터: probs([[0.00418687 0.99581313]], threshold(0.98))
2022-04-16 14:55:58,207 - DEBUG - __LR_training__ - prob_thresholded 값: [1]
2022-04-16 14:55:58,212 - DEBUG - __LR_training__ - 로딩 스케일러 경로: ./saved_models/scaler_v2.sav
2022-04-16 14:55:58,227 - DEBUG - __LR_training__ - 로딩 모델 경로: ./saved_models/lr_v2.sav
2022-04-16 14:55:58,725 - DEBUG - __LR_training__ - close_price: 59200
2022-04-16 14:55:58,733 - DEBUG - __LR_training__ - _threshold() 호출
2022-04-16 14:55:58,738 - DEBUG - __LR_training__ - 파라미터: probs([[0.00418687 0.99581313]], threshold(0.98))
2022-04-16 14:55:58,740 - DEBUG - __LR_training__ - prob_thresholded 값: [1]
2022-04-16 14:55:58,743 - DEBUG - __LR_training__ - 로딩 스케일러 경로: ./saved_models/scaler_v2.sav
2022-04-16 14:55:58,758 - DEBUG - __LR_training__ - 로딩 모델 경로: ./saved_models/lr_v2.sav
2022-04-16 14:55:59,097 - DEBUG - __LR_training__ - close_price: 56800
2022-04-16 14:55:59,104 - DEBUG - __LR_training__ - _threshold() 호출
2022-04-16 14:55:59,107 - DEBUG - __LR_training__ - 파라미터: probs([[1.00000000e+00 1.05587403e-20]], threshold(0.98))
2022-04-16 14:55:59,112 - DEBUG - __LR_training__ - prob_thresholded 값: [0]
2022-04-16 14:55:59,118 - DEBUG - __LR_training__ - 로딩 스케일러 경로: ./saved_models/scaler_v2.sav
2022-04-16 14:55:59,125 - DEBUG - __LR_training__ - 로딩 모델 경로: ./saved_models/lr_v2.sav
2022-04-16 14:55:59,548 - DEBUG - __LR_training__ - close_price: 57900
2022-04-16 14:55:59,553 - DEBUG - __LR_training__ - _threshold() 호출
2022-04-16 14:55:59,556 - DEBUG - __LR_training__ - 파라미터: probs([[1.00000000e+00 1.19031092e-86]], threshold(0.98))
2022-04-16 14:55:59,558 - DEBUG - __LR_training__ - prob_thresholded 값: [0]
2022-04-16 14:55:59,563 - DEBUG - __LR_training__ - 로딩 스케일러 경로: ./saved_models/scaler_v2.sav
2022-04-16 14:55:59,567 - DEBUG - __LR_training__ - 로딩 모델 경로: ./saved_models/lr_v2.sav
2022-04-16 14:56:00,033 - DEBUG - __LR_training__ - close_price: 56500
2022-04-16 14:56:00,040 - DEBUG - __LR_training__ - _threshold() 호출
2022-04-16 14:56:00,046 - DEBUG - __LR_training__ - 파라미터: probs([[1.00000000e+00 1.06960084e-67]], threshold(0.98))
2022-04-16 14:56:00,052 - DEBUG - __LR_training__ - prob_thresholded 값: [0]
2022-04-16 14:56:00,060 - DEBUG - __LR_training__ - 로딩 스케일러 경로: ./saved_models/scaler_v2.sav
2022-04-16 14:56:00,069 - DEBUG - __LR_training__ - 로딩 모델 경로: ./saved_models/lr_v2.sav
2022-04-16 14:56:00,515 - DEBUG - __LR_training__ - close_price: 55900
2022-04-16 14:56:00,522 - DEBUG - __LR_training__ - _threshold() 호출
2022-04-16 14:56:00,528 - DEBUG - __LR_training__ - 파라미터: probs([[1.00000000e+00 3.87628343e-67]], threshold(0.98))
2022-04-16 14:56:00,533 - DEBUG - __LR_training__ - prob_thresholded 값: [0]
2022-04-16 14:56:00,538 - DEBUG - __LR_training__ - 로딩 스케일러 경로: ./saved_models/scaler_v2.sav
2022-04-16 14:56:00,544 - DEBUG - __LR_training__ - 로딩 모델 경로: ./saved_models/lr_v2.sav
2022-04-16 14:56:00,905 - DEBUG - __LR_training__ - close_price: 54200
2022-04-16 14:56:00,910 - DEBUG - __LR_training__ - _threshold() 호출
2022-04-16 14:56:00,913 - DEBUG - __LR_training__ - 파라미터: probs([[1.00000000e+000 1.96509767e-115]], threshold(0.98))
2022-04-16 14:56:00,917 - DEBUG - __LR_training__ - prob_thresholded 값: [0]
2022-04-16 14:56:00,923 - DEBUG - __LR_training__ - 로딩 스케일러 경로: ./saved_models/scaler_v2.sav
2022-04-16 14:56:00,931 - DEBUG - __LR_training__ - 로딩 모델 경로: ./saved_models/lr_v2.sav
2022-04-16 14:56:01,389 - DEBUG - __LR_training__ - close_price: 54200
2022-04-16 14:56:01,396 - DEBUG - __LR_training__ - _threshold() 호출
2022-04-16 14:56:01,401 - DEBUG - __LR_training__ - 파라미터: probs([[1.00000000e+000 1.96509767e-115]], threshold(0.98))
2022-04-16 14:56:01,406 - DEBUG - __LR_training__ - prob_thresholded 값: [0]
2022-04-16 14:56:01,411 - DEBUG - __LR_training__ - 로딩 스케일러 경로: ./saved_models/scaler_v2.sav
2022-04-16 14:56:01,415 - DEBUG - __LR_training__ - 로딩 모델 경로: ./saved_models/lr_v2.sav
2022-04-16 14:56:01,848 - DEBUG - __LR_training__ - close_price: 54200
2022-04-16 14:56:01,854 - DEBUG - __LR_training__ - _threshold() 호출
2022-04-16 14:56:01,859 - DEBUG - __LR_training__ - 파라미터: probs([[1.00000000e+000 1.96509767e-115]], threshold(0.98))
2022-04-16 14:56:01,863 - DEBUG - __LR_training__ - prob_thresholded 값: [0]
2022-04-16 14:56:01,869 - DEBUG - __LR_training__ - 로딩 스케일러 경로: ./saved_models/scaler_v2.sav
2022-04-16 14:56:01,876 - DEBUG - __LR_training__ - 로딩 모델 경로: ./saved_models/lr_v2.sav
2022-04-16 14:56:02,294 - DEBUG - __LR_training__ - close_price: 55000
2022-04-16 14:56:02,300 - DEBUG - __LR_training__ - _threshold() 호출
2022-04-16 14:56:02,303 - DEBUG - __LR_training__ - 파라미터: probs([[1.00000000e+000 9.29416105e-143]], threshold(0.98))
2022-04-16 14:56:02,305 - DEBUG - __LR_training__ - prob_thresholded 값: [0]
